<?xml version="1.0" encoding="UTF-8"?>
<!-- Generated by org.testng.reporters.JUnitReportReporter -->
<testsuite hostname="Antons-MacBook-Pro.local" name="service.b.dummy.foo.DummyTestTest" tests="8" failures="0" timestamp="15 Mar 2016 12:30:27 GMT" time="0.209" errors="0">
  <testcase name="postFooTest" time="0.032" classname="service.b.dummy.foo.DummyTestTest"/>
  <testcase name="getFooTest" time="0.019" classname="service.b.dummy.foo.DummyTestTest"/>
  <testcase name="getFooTagsTest" time="2000.213" classname="service.b.dummy.foo.DummyTestTest"/>
  <testcase name="getFooPaginationTest" time="0.023" classname="service.b.dummy.foo.DummyTestTest"/>
</testsuite> <!-- service.b.dummy.foo.DummyTestTest -->
