<?xml version="1.0" encoding="UTF-8"?>
<!-- Generated by org.testng.reporters.JUnitReportReporter -->
<testsuite hostname="Antons-MacBook-Pro.local" name="object.objectTest" tests="8" failures="0" timestamp="15 Mar 2016 12:30:27 GMT" time="0.209" errors="0">
  <testcase name="postobjectTest" time="0.032" classname="object.objectTest"/>
  <testcase name="getobjectTest" time="0.019" classname="object.objectTest"/>
  <testcase name="getobjectNegativePaginationTest" time="0.047" classname="object.objectTest"/>
  <testcase name="deleteItemFromobjectTest" time="0.018" classname="object.objectTest"/>
  <testcase name="getobjectItemTest" time="0.027" classname="object.objectTest"/>
  <testcase name="putobjectTest" time="0.030" classname="object.objectTest"/>
  <testcase name="getobjectTagsTest" time="0.013" classname="object.objectTest"/>
  <testcase name="getobjectPaginationTest" time="0.023" classname="object.objectTest"/>
</testsuite> <!-- object.objectTest -->
