<?xml version="1.0" encoding="UTF-8"?>
<!-- Generated by org.testng.reporters.JUnitReportReporter -->
<testsuite hostname="Antons-MacBook-Pro.local" name="service.dumbass.catalogTest" tests="8" failures="0" timestamp="15 Mar 2016 12:30:27 GMT" time="0.209" errors="0">
  <testcase name="postCatalogTest" time="0.032" classname="service.dumbass.catalogTest"/>
  <testcase name="getCatalogTest" time="0.019" classname="service.dumbass.catalogTest"/>
  <testcase name="getCatalogNegativePaginationTest" time="0.047" classname="service.dumbass.catalogTest"/>
  <testcase name="deleteItemFromCatalogTest" time="0.018" classname="service.dumbass.catalogTest"/>
  <testcase name="getCatalogItemTest" time="0.027" classname="service.dumbass.catalogTest"/>
  <testcase name="putCatalogTest" time="0.030" classname="service.dumbass.catalogTest"/>
  <testcase name="getCatalogTagsTest" time="0.013" classname="service.dumbass.catalogTest"/>
  <testcase name="getCatalogPaginationTest" time="0.023" classname="service.dumbass.catalogTest"/>
</testsuite> <!-- service.dumbass.catalogTest -->
