<?xml version="1.0" encoding="UTF-8"?>
<!-- Generated by org.testng.reporters.JUnitReportReporter -->
<testsuite hostname="Antons-MacBook-Pro.local" name="service.a.dummy.foo.DummyTestTest" tests="8" failures="0" timestamp="15 Mar 2016 12:30:27 GMT" time="0.209" errors="0">
  <testcase name="postFooTest" time="0.032" classname="service.a.dummy.foo.DummyTestTest"/>
  <testcase name="getFooTest" time="0.019" classname="service.a.dummy.foo.DummyTestTest"/>
  <testcase name="getFooNegativePaginationTest" time="0.047" classname="service.a.dummy.foo.DummyTestTest"/>
  <testcase name="deleteItemFromFooTest" time="0.018" classname="service.a.dummy.foo.DummyTestTest"/>
  <testcase name="getFooItemTest" time="0.027" classname="service.a.dummy.foo.DummyTestTest"/>
  <testcase name="putFooTest" time="0.030" classname="service.a.dummy.foo.DummyTestTest"/>
  <testcase name="getFooTagsTest" time="0.013" classname="service.a.dummy.foo.DummyTestTest"/>
  <testcase name="getFooPaginationTest" time="0.023" classname="service.a.dummy.foo.DummyTestTest"/>
</testsuite> <!-- service.a.dummy.foo.DummyTestTest -->
